20364 : 2024-02-06 18:52:13,500 : INFO : telemetry.main : Attempt start. Configuration directory [C:\Users\klnar\.azure].
20364 : 2024-02-06 18:52:13,500 : DEBUG : telemetry.note : acquiring lock
20364 : 2024-02-06 18:52:13,542 : DEBUG : telemetry.note : acquired lock
20364 : 2024-02-06 18:52:13,543 : INFO : telemetry.note : Update the note mtime to 2024-02-06 18:52:13.543139
20364 : 2024-02-06 18:52:13,543 : WARNING : telemetry.note : Fail to parse or read the timestamp 'N/A' in the note file. Set the last send time to minimal. Reason: not readable
20364 : 2024-02-06 18:52:13,543 : INFO : telemetry.records : 1 cache files to move.
20364 : 2024-02-06 18:52:13,543 : INFO : telemetry.records : Create temp folder C:\Users\klnar\AppData\Local\Temp\tmplqjyrnaz
20364 : 2024-02-06 18:52:13,548 : INFO : telemetry.records : Move file C:\Users\klnar\.azure\telemetry\cache to C:\Users\klnar\AppData\Local\Temp\tmplqjyrnaz\cache
20364 : 2024-02-06 18:52:13,565 : INFO : telemetry.records : Processed file C:\Users\klnar\AppData\Local\Temp\tmplqjyrnaz\cache into 1 records.
20364 : 2024-02-06 18:52:13,565 : INFO : telemetry.records : Remove directory C:\Users\klnar\AppData\Local\Temp\tmplqjyrnaz
20364 : 2024-02-06 18:52:13,585 : INFO : telemetry.client : Accumulated 1 events. Flush the clients.
20364 : 2024-02-06 18:52:13,585 : INFO : telemetry.client : Flush client c4395b75-49cc-422c-bc95-c7d51aef5d46.
20364 : 2024-02-06 18:52:14,434 : INFO : telemetry.sender : Sending 3516 bytes
20364 : 2024-02-06 18:52:14,434 : INFO : telemetry.sender : Finish uploading in 0.849513 seconds.
20364 : 2024-02-06 18:52:14,435 : INFO : telemetry.note : Update the last send in note to 2024-02-06 18:52:13
20364 : 2024-02-06 18:52:14,435 : INFO : telemetry.note : Update the note mtime to 2024-02-06 18:52:14.435712
29208 : 2024-02-06 18:53:10,088 : INFO : telemetry.main : Attempt start. Configuration directory [C:\Users\klnar\.azure].
29208 : 2024-02-06 18:53:10,089 : DEBUG : telemetry.note : acquiring lock
29208 : 2024-02-06 18:53:10,089 : DEBUG : telemetry.note : acquired lock
29208 : 2024-02-06 18:53:10,099 : INFO : telemetry.note : Update the note mtime to 2024-02-06 18:53:10.099092
29208 : 2024-02-06 18:53:10,104 : INFO : telemetry.note : Read timestamp from the note. The last send was 2024-02-06 18:52:13.
29208 : 2024-02-06 18:53:10,106 : INFO : telemetry.records : 1 cache files to move.
29208 : 2024-02-06 18:53:10,106 : INFO : telemetry.records : Create temp folder C:\Users\klnar\AppData\Local\Temp\tmp0cu619lr
29208 : 2024-02-06 18:53:10,107 : INFO : telemetry.records : Move file C:\Users\klnar\.azure\telemetry\cache to C:\Users\klnar\AppData\Local\Temp\tmp0cu619lr\cache
29208 : 2024-02-06 18:53:10,122 : INFO : telemetry.records : Processed file C:\Users\klnar\AppData\Local\Temp\tmp0cu619lr\cache into 1 records.
29208 : 2024-02-06 18:53:10,124 : INFO : telemetry.records : Remove directory C:\Users\klnar\AppData\Local\Temp\tmp0cu619lr
29208 : 2024-02-06 18:53:10,152 : INFO : telemetry.client : Accumulated 1 events. Flush the clients.
29208 : 2024-02-06 18:53:10,152 : INFO : telemetry.client : Flush client c4395b75-49cc-422c-bc95-c7d51aef5d46.
29208 : 2024-02-06 18:53:10,998 : INFO : telemetry.sender : Sending 3670 bytes
29208 : 2024-02-06 18:53:10,998 : INFO : telemetry.sender : Finish uploading in 0.846364 seconds.
29208 : 2024-02-06 18:53:10,999 : INFO : telemetry.note : Update the last send in note to 2024-02-06 18:53:09
29208 : 2024-02-06 18:53:11,000 : INFO : telemetry.note : Update the note mtime to 2024-02-06 18:53:11.000505
28336 : 2024-02-06 18:59:16,281 : INFO : telemetry.main : Attempt start. Configuration directory [C:\Users\klnar\.azure].
28336 : 2024-02-06 18:59:16,283 : DEBUG : telemetry.note : acquiring lock
28336 : 2024-02-06 18:59:16,294 : DEBUG : telemetry.note : acquired lock
28336 : 2024-02-06 18:59:16,297 : INFO : telemetry.note : Update the note mtime to 2024-02-06 18:59:16.296131
28336 : 2024-02-06 18:59:16,302 : INFO : telemetry.note : Read timestamp from the note. The last send was 2024-02-06 18:53:09.
28336 : 2024-02-06 18:59:16,305 : INFO : telemetry.records : 1 cache files to move.
28336 : 2024-02-06 18:59:16,305 : INFO : telemetry.records : Create temp folder C:\Users\klnar\AppData\Local\Temp\tmpy7ks5srt
28336 : 2024-02-06 18:59:16,308 : INFO : telemetry.records : Move file C:\Users\klnar\.azure\telemetry\cache to C:\Users\klnar\AppData\Local\Temp\tmpy7ks5srt\cache
28336 : 2024-02-06 18:59:16,321 : INFO : telemetry.records : Processed file C:\Users\klnar\AppData\Local\Temp\tmpy7ks5srt\cache into 1 records.
28336 : 2024-02-06 18:59:16,321 : INFO : telemetry.records : Remove directory C:\Users\klnar\AppData\Local\Temp\tmpy7ks5srt
28336 : 2024-02-06 18:59:16,350 : INFO : telemetry.client : Accumulated 1 events. Flush the clients.
28336 : 2024-02-06 18:59:16,350 : INFO : telemetry.client : Flush client c4395b75-49cc-422c-bc95-c7d51aef5d46.
28336 : 2024-02-06 18:59:17,198 : INFO : telemetry.sender : Sending 3700 bytes
28336 : 2024-02-06 18:59:17,198 : INFO : telemetry.sender : Finish uploading in 0.846518 seconds.
28336 : 2024-02-06 18:59:17,200 : INFO : telemetry.note : Update the last send in note to 2024-02-06 18:59:15
28336 : 2024-02-06 18:59:17,201 : INFO : telemetry.note : Update the note mtime to 2024-02-06 18:59:17.201419
21008 : 2024-02-06 19:03:30,654 : INFO : telemetry.main : Attempt start. Configuration directory [C:\Users\klnar\.azure].
21008 : 2024-02-06 19:03:30,654 : DEBUG : telemetry.note : acquiring lock
21008 : 2024-02-06 19:03:30,666 : DEBUG : telemetry.note : acquired lock
21008 : 2024-02-06 19:03:30,666 : INFO : telemetry.note : Update the note mtime to 2024-02-06 19:03:30.666746
21008 : 2024-02-06 19:03:30,671 : INFO : telemetry.note : Read timestamp from the note. The last send was 2024-02-06 18:59:15.
21008 : 2024-02-06 19:03:30,674 : INFO : telemetry.records : 1 cache files to move.
21008 : 2024-02-06 19:03:30,674 : INFO : telemetry.records : Create temp folder C:\Users\klnar\AppData\Local\Temp\tmpy08u5ylu
21008 : 2024-02-06 19:03:30,676 : INFO : telemetry.records : Move file C:\Users\klnar\.azure\telemetry\cache to C:\Users\klnar\AppData\Local\Temp\tmpy08u5ylu\cache
21008 : 2024-02-06 19:03:30,688 : INFO : telemetry.records : Processed file C:\Users\klnar\AppData\Local\Temp\tmpy08u5ylu\cache into 1 records.
21008 : 2024-02-06 19:03:30,688 : INFO : telemetry.records : Remove directory C:\Users\klnar\AppData\Local\Temp\tmpy08u5ylu
21008 : 2024-02-06 19:03:30,710 : INFO : telemetry.client : Accumulated 1 events. Flush the clients.
21008 : 2024-02-06 19:03:30,711 : INFO : telemetry.client : Flush client c4395b75-49cc-422c-bc95-c7d51aef5d46.
21008 : 2024-02-06 19:03:31,544 : INFO : telemetry.sender : Sending 4187 bytes
21008 : 2024-02-06 19:03:31,544 : INFO : telemetry.sender : Finish uploading in 0.832647 seconds.
21008 : 2024-02-06 19:03:31,544 : INFO : telemetry.note : Update the last send in note to 2024-02-06 19:03:30
21008 : 2024-02-06 19:03:31,544 : INFO : telemetry.note : Update the note mtime to 2024-02-06 19:03:31.544138
