00:00:00.008489 main     VirtualBox COM Server 7.0.18 r162988 win.amd64 (May  2 2024 10:02:33) release log
00:00:00.008494 main     Log opened 2024-06-22T04:43:40.246590000Z
00:00:00.008496 main     Build Type: release
00:00:00.008507 main     OS Product: Windows 11
00:00:00.008509 main     OS Release: 10.0.22631
00:00:00.008510 main     OS Service Pack: 
00:00:00.140403 main     DMI Product Name: HP Pavilion Laptop 15-eh1xxx
00:00:00.161381 main     DMI Product Version:  
00:00:00.162233 main     Firmware type: UEFI
00:00:00.162843 main     Secure Boot: VERR_PRIVILEGE_NOT_HELD
00:00:00.165337 main     Host RAM: 7501MB (7.3GB) total, 915MB available
00:00:00.165616 main     Executable: C:\Program Files\Oracle\VirtualBox\VBoxSVC.exe
00:00:00.165618 main     Process ID: 19668
00:00:00.165619 main     Package type: WINDOWS_64BITS_GENERIC
00:00:00.367989          VirtualBox: object creation starts
00:00:00.371880          Home directory: 'C:\Users\klnar\.VirtualBox'
00:00:00.372427          Installed Drivers:
00:00:00.377076            C:\WINDOWS\system32\DRIVERS\VBoxNetLwf.sys (Version: 7.0.18.12988)
00:00:00.378859            C:\WINDOWS\system32\DRIVERS\VBoxUSBMon.sys (Version: 7.0.18.12988)
00:00:00.380476            C:\WINDOWS\system32\DRIVERS\VBoxSup.sys (Version: 7.0.18.12988)
00:00:00.383120            C:\WINDOWS\system32\DRIVERS\VBoxNetAdp6.sys (Version: 7.0.18.12988)
00:00:00.411829          Loading settings file "C:\Users\klnar\.VirtualBox\VirtualBox.xml" with version "1.12-windows"
00:00:00.422214          usbLibGetDevices: Starting USB device enumeration
00:00:00.422492          Getting USB descriptor (id 0) failed (dwErr=31) on hub USB#ROOT_HUB30#5&3fdc59a&0&0#{f18a0e88-c30c-11d0-8815-00a0c906bed8} port 3
00:00:00.423031          Getting USB descriptor (id 0) failed (dwErr=31) on hub USB#ROOT_HUB30#5&3fdc59a&0&0#{f18a0e88-c30c-11d0-8815-00a0c906bed8} port 4
00:00:00.426464          usbLibGetDevices: Found 2 USB devices, 0 captured
00:00:00.427690          USB: Unknown USB device detected (idVendor: 0x0bda, idProduct: 0xb00c)
00:00:00.428230          USB: Unknown USB device detected (idVendor: 0x30c9, idProduct: 0x000e)
00:00:00.587803          netIfIsWireless: CreateFile on '\\.\{187F65F8-4BCA-4619-B99D-E3B7E0026876}' failed with rcWin=2 (0x2) - ignoring
00:00:00.600788          HostDnsMonitor: initializing
00:00:00.613398          HostDnsMonitor: updating information
00:00:00.614424          HostDnsMonitor: old information
00:00:00.614427            no server entries
00:00:00.614429            no domain set
00:00:00.614430            no search string entries
00:00:00.614431          HostDnsMonitor: new information
00:00:00.614432            server 1: 192.168.1.1
00:00:00.614434            no domain set
00:00:00.614435            no search string entries
00:00:00.629410          VD: VDInit finished with VINF_SUCCESS
00:00:00.653781          Loading settings file "C:\Users\klnar\VirtualBox VMs\kln\kln.vbox" with version "1.19-windows"
00:00:00.663184          VirtualBox: object created
00:00:00.822157          Saving settings file "C:\Users\klnar\.VirtualBox\VirtualBox.xml" with version "1.12-windows"
00:00:00.827293          Finished saving settings file "C:\Users\klnar\.VirtualBox\VirtualBox.xml"
00:00:00.827984          Saving settings file "C:\Users\klnar\.VirtualBox\VirtualBox.xml" with version "1.12-windows"
00:00:00.831936          Finished saving settings file "C:\Users\klnar\.VirtualBox\VirtualBox.xml"
00:00:00.832254          Saving settings file "C:\Users\klnar\.VirtualBox\VirtualBox.xml" with version "1.12-windows"
00:00:00.837085          Finished saving settings file "C:\Users\klnar\.VirtualBox\VirtualBox.xml"
00:00:03.022018          ERROR [COM]: aRC=VBOX_E_INVALID_VM_STATE (0x80bb0002) aIID={300763af-5d6b-46e6-aa96-273eac15538a} aComponent={MachineWrap} aText={The machine is not mutable (state is PoweredOff)}, preserve=false aResultDetail=0
00:00:05.345001          Launched VM: 1077076448 pid: 6244 (0x1864) frontend: GUI/Qt name: kln
00:00:05.376321          ERROR [COM]: aRC=VBOX_E_INVALID_VM_STATE (0x80bb0002) aIID={300763af-5d6b-46e6-aa96-273eac15538a} aComponent={MachineWrap} aText={The machine is not mutable (state is PoweredOff)}, preserve=false aResultDetail=0
00:00:10.730092          Saving settings file "C:\Users\klnar\.VirtualBox\VirtualBox.xml" with version "1.12-windows"
00:00:10.737153          Finished saving settings file "C:\Users\klnar\.VirtualBox\VirtualBox.xml"
00:00:12.375407          ERROR [COM]: aRC=VBOX_E_INVALID_VM_STATE (0x80bb0002) aIID={300763af-5d6b-46e6-aa96-273eac15538a} aComponent={MachineWrap} aText={The machine is not mutable (state is PoweredOff)}, preserve=false aResultDetail=0
00:00:13.286459          ERROR [COM]: aRC=VBOX_E_OBJECT_NOT_FOUND (0x80bb0001) aIID={70401eef-c8e9-466b-9660-45cb3e9979e4} aComponent={ExtPackManagerWrap} aText={No extension pack by the name 'Oracle VM VirtualBox Extension Pack' was found}, preserve=false aResultDetail=0
00:00:15.971870          ERROR [COM]: aRC=VBOX_E_IPRT_ERROR (0x80bb0005) aIID={300763af-5d6b-46e6-aa96-273eac15538a} aComponent={SessionMachine} aText={Saved screenshot data is not available (VERR_NOT_SUPPORTED)}, preserve=false aResultDetail=-37
00:00:16.221264          netIfIsWireless: CreateFile on '\\.\{187F65F8-4BCA-4619-B99D-E3B7E0026876}' failed with rcWin=2 (0x2) - ignoring
00:00:16.740777          ERROR [COM]: aRC=VBOX_E_INVALID_VM_STATE (0x80bb0002) aIID={300763af-5d6b-46e6-aa96-273eac15538a} aComponent={MachineWrap} aText={The machine is not mutable (state is Starting)}, preserve=false aResultDetail=0
00:00:16.741804          ERROR [COM]: aRC=VBOX_E_INVALID_VM_STATE (0x80bb0002) aIID={300763af-5d6b-46e6-aa96-273eac15538a} aComponent={SessionMachine} aText={The machine is not mutable or saved (state is Starting)}, preserve=false aResultDetail=0
00:00:18.391582          ERROR [COM]: aRC=VBOX_E_OBJECT_NOT_FOUND (0x80bb0001) aIID={ad47ad09-787b-44ab-b343-a082a3f2dfb1} aComponent={MediumWrap} aText={Property 'CRYPT/KeyId' does not exist}, preserve=false aResultDetail=0
00:00:18.449812          ERROR [COM]: aRC=VBOX_E_INVALID_VM_STATE (0x80bb0002) aIID={300763af-5d6b-46e6-aa96-273eac15538a} aComponent={MachineWrap} aText={The machine is not mutable (state is Running)}, preserve=false aResultDetail=0
00:07:50.434713 USBPROXY usbLibGetDevices: Starting USB device enumeration
00:07:50.435647 USBPROXY Getting USB descriptor (id 0) failed (dwErr=31) on hub USB#ROOT_HUB30#5&3fdc59a&0&0#{f18a0e88-c30c-11d0-8815-00a0c906bed8} port 3
00:07:50.435821 USBPROXY Getting USB descriptor (id 0) failed (dwErr=31) on hub USB#ROOT_HUB30#5&3fdc59a&0&0#{f18a0e88-c30c-11d0-8815-00a0c906bed8} port 4
00:07:50.437068 USBPROXY usbLibGetDevices: Found 2 USB devices, 0 captured
00:23:56.976646 USBPROXY usbLibGetDevices: Starting USB device enumeration
00:23:56.976995 USBPROXY Getting USB descriptor (id 0) failed (dwErr=31) on hub USB#ROOT_HUB30#5&3fdc59a&0&0#{f18a0e88-c30c-11d0-8815-00a0c906bed8} port 3
00:23:56.977121 USBPROXY Getting USB descriptor (id 0) failed (dwErr=31) on hub USB#ROOT_HUB30#5&3fdc59a&0&0#{f18a0e88-c30c-11d0-8815-00a0c906bed8} port 4
00:23:56.977374 USBPROXY usbLibGetDevices: Found 2 USB devices, 0 captured
00:29:23.896908          ERROR [COM]: aRC=VBOX_E_INVALID_VM_STATE (0x80bb0002) aIID={300763af-5d6b-46e6-aa96-273eac15538a} aComponent={SessionMachine} aText={The machine is not mutable (state is Running)}, preserve=false aResultDetail=0
00:29:24.037370          netIfIsWireless: CreateFile on '\\.\{187F65F8-4BCA-4619-B99D-E3B7E0026876}' failed with rcWin=2 (0x2) - ignoring
00:29:24.099042          netIfIsWireless: CreateFile on '\\.\{187F65F8-4BCA-4619-B99D-E3B7E0026876}' failed with rcWin=2 (0x2) - ignoring
00:29:32.168479          netIfIsWireless: CreateFile on '\\.\{187F65F8-4BCA-4619-B99D-E3B7E0026876}' failed with rcWin=2 (0x2) - ignoring
00:29:32.332357          Saving settings file "C:\Users\klnar\VirtualBox VMs\kln\kln.vbox" with version "1.19-windows"
00:29:32.338972          Finished saving settings file "C:\Users\klnar\VirtualBox VMs\kln\kln.vbox"
00:29:32.398051          ERROR [COM]: aRC=VBOX_E_INVALID_VM_STATE (0x80bb0002) aIID={300763af-5d6b-46e6-aa96-273eac15538a} aComponent={MachineWrap} aText={The machine is not mutable (state is Running)}, preserve=false aResultDetail=0
00:49:01.762333 USBPROXY usbLibGetDevices: Starting USB device enumeration
00:49:01.767545 USBPROXY Getting USB descriptor (id 0) failed (dwErr=31) on hub USB#ROOT_HUB30#5&3fdc59a&0&0#{f18a0e88-c30c-11d0-8815-00a0c906bed8} port 3
00:49:01.767742 USBPROXY Getting USB descriptor (id 0) failed (dwErr=31) on hub USB#ROOT_HUB30#5&3fdc59a&0&0#{f18a0e88-c30c-11d0-8815-00a0c906bed8} port 4
00:49:01.768284 USBPROXY usbLibGetDevices: Found 2 USB devices, 0 captured
00:49:04.479175 dns-monitor HostDnsMonitor: updating information
00:49:04.479221 dns-monitor HostDnsMonitor: unchanged
00:49:05.008516 USBPROXY usbLibGetDevices: Starting USB device enumeration
00:49:05.008913 USBPROXY Getting USB descriptor (id 0) failed (dwErr=31) on hub USB#ROOT_HUB30#5&3fdc59a&0&0#{f18a0e88-c30c-11d0-8815-00a0c906bed8} port 3
00:49:05.009031 USBPROXY Getting USB descriptor (id 0) failed (dwErr=31) on hub USB#ROOT_HUB30#5&3fdc59a&0&0#{f18a0e88-c30c-11d0-8815-00a0c906bed8} port 4
00:49:05.009369 USBPROXY usbLibGetDevices: Found 2 USB devices, 0 captured
